('~', 0)
('decl', 0)
('sum', (3, 0))
('int', 0)
('=', 0)
('0', (0, 0))
('decl', 0)
('n', (1, 0))
('int', 0)
('read', 0)
('n', (1, 0))
('decl', 0)
('arr', (3, 1))
('int', 0)
('=', 0)
('new', 0)
('intn', (4, 0))
('for', 0)
('i', (1, 1))
('=', 0)
('1', (0, 1))
('i', (1, 1))
('<=', 0)
('n', (1, 0))
('i', (1, 1))
('++', 0)
('do', 0)
('read', 0)
('arri', (4, 1))
('for', 0)
('i', (1, 1))
('=', 0)
('1', (0, 1))
('i', (1, 1))
('<=', 0)
('n', (1, 0))
('i', (1, 1))
('+', 0)
('1', (0, 1))
('do', 0)
('sum', (3, 0))
('+', 0)
('arri', (4, 1))
('prnt', 0)
('sum', (3, 0))
('~', 0)
