('~', 0)
('decl', 0)
('n', (1, 0))
('int', 0)
('decl', 0)
('div', (3, 0))
('int', 0)
('=', 0)
('3', (0, 0))
('verif', 0)
('n', (1, 0))
('/', 0)
('2', (0, 1))
('<>', 0)
('0', (0, 2))
('then', 0)
('ret', 0)
('false', (5, 0))
('whilst', 0)
('div', (3, 0))
('*', 0)
('div', (3, 0))
('<', 0)
('n', (1, 0))
('do', 0)
('verif', 0)
('n', (1, 0))
('/', 0)
('div', (3, 0))
('<>', 0)
('0', (0, 2))
('then', 0)
('ret', 0)
('false', (5, 0))
('div', (3, 0))
('+', 0)
('2', (0, 1))
('end', 0)
('ret', 0)
('true', (4, 0))
('~', 0)
